<?xml version="1.0" encoding="UTF-8"?>
<!-- Generated by org.testng.reporters.JUnitReportReporter -->
<testsuite skipped="0" hostname="DESKTOP-MO0FC5C" name="FirstMobile.firstcase" tests="1" failures="0" timestamp="15 Feb 2019 11:44:09 GMT" time="190.760" errors="0">
  <testcase name="test" time="190.760" classname="FirstMobile.firstcase"/>
</testsuite> <!-- FirstMobile.firstcase -->
