<?xml version="1.0" encoding="UTF-8"?>
<!-- Generated by org.testng.reporters.JUnitReportReporter -->
<testsuite skipped="0" hostname="DESKTOP-MO0FC5C" name="FirstMobile.MarketTradeFilters2" tests="2" failures="0" timestamp="01 Mar 2019 10:31:23 GMT" time="70.074" errors="0">
  <testcase name="Common" time="29.826" classname="FirstMobile.MarketTradeFilters2"/>
  <testcase name="FilterCrieteria" time="40.248" classname="FirstMobile.MarketTradeFilters2"/>
</testsuite> <!-- FirstMobile.MarketTradeFilters2 -->
