<?xml version="1.0" encoding="UTF-8"?>
<!-- Generated by org.testng.reporters.JUnitReportReporter -->
<testsuite skipped="0" hostname="DESKTOP-MO0FC5C" name="FirstMobile.MarketTradeFilters" tests="2" failures="0" timestamp="01 Mar 2019 09:54:06 GMT" time="62.228" errors="0">
  <testcase name="Common" time="29.497" classname="FirstMobile.MarketTradeFilters"/>
  <testcase name="FilterCrieteria" time="32.731" classname="FirstMobile.MarketTradeFilters"/>
</testsuite> <!-- FirstMobile.MarketTradeFilters -->
