<?xml version="1.0" encoding="UTF-8"?>
<!-- Generated by org.testng.reporters.JUnitReportReporter -->
<testsuite skipped="0" hostname="DESKTOP-MO0FC5C" name="FirstMobile.JustTry" tests="1" failures="0" timestamp="19 Feb 2019 06:28:55 GMT" time="76.665" errors="0">
  <testcase name="test" time="76.665" classname="FirstMobile.JustTry"/>
</testsuite> <!-- FirstMobile.JustTry -->
