<?xml version="1.0" encoding="UTF-8"?>
<!-- Generated by org.testng.reporters.JUnitReportReporter -->
<testsuite skipped="0" hostname="DESKTOP-MO0FC5C" name="FirstMobile.UpdateFollowUpProcLead" tests="2" failures="0" timestamp="21 Feb 2019 05:55:13 GMT" time="80.785" errors="0">
  <testcase name="Common" time="31.903" classname="FirstMobile.UpdateFollowUpProcLead"/>
  <testcase name="UpdateFollowup" time="48.882" classname="FirstMobile.UpdateFollowUpProcLead"/>
</testsuite> <!-- FirstMobile.UpdateFollowUpProcLead -->
