<?xml version="1.0" encoding="UTF-8"?>
<!-- Generated by org.testng.reporters.JUnitReportReporter -->
<testsuite skipped="0" hostname="DESKTOP-MO0FC5C" name="FirstMobile.SalesLeadProg" tests="4" failures="0" timestamp="26 Feb 2019 06:31:22 GMT" time="48.827" errors="0">
  <testcase name="Common" time="29.691" classname="FirstMobile.SalesLeadProg"/>
  <testcase name="DashboardTotalLeads" time="7.010" classname="FirstMobile.SalesLeadProg"/>
  <testcase name="DashboardWebLeads" time="6.155" classname="FirstMobile.SalesLeadProg"/>
  <testcase name="DashboardPrivateLeads" time="5.971" classname="FirstMobile.SalesLeadProg"/>
</testsuite> <!-- FirstMobile.SalesLeadProg -->
