<?xml version="1.0" encoding="UTF-8"?>
<!-- Generated by org.testng.reporters.JUnitReportReporter -->
<testsuite skipped="0" hostname="DESKTOP-MO0FC5C" name="FirstMobile.MFCBusinessApp" tests="1" failures="0" timestamp="19 Feb 2019 09:44:03 GMT" time="77.819" errors="0">
  <testcase name="Updatefollowup" time="77.819" classname="FirstMobile.MFCBusinessApp"/>
</testsuite> <!-- FirstMobile.MFCBusinessApp -->
