<?xml version="1.0" encoding="UTF-8"?>
<!-- Generated by org.testng.reporters.JUnitReportReporter -->
<testsuite skipped="0" hostname="DESKTOP-MO0FC5C" name="FirstMobile.CommonClassForMobile" tests="1" failures="0" timestamp="19 Feb 2019 06:39:14 GMT" time="41.739" errors="0">
  <testcase name="ProcurementLead" time="41.739" classname="FirstMobile.CommonClassForMobile"/>
</testsuite> <!-- FirstMobile.CommonClassForMobile -->
