<?xml version="1.0" encoding="UTF-8"?>
<!-- Generated by org.testng.reporters.JUnitReportReporter -->
<testsuite skipped="0" hostname="DESKTOP-MO0FC5C" name="FirstMobile.FreshDataProvider" tests="1" failures="0" timestamp="15 Feb 2019 10:20:33 GMT" time="0.010" errors="0">
  <testcase name="test" time="0.010" classname="FirstMobile.FreshDataProvider"/>
</testsuite> <!-- FirstMobile.FreshDataProvider -->
