<?xml version="1.0" encoding="UTF-8"?>
<!-- Generated by org.testng.reporters.JUnitReportReporter -->
<testsuite skipped="1" hostname="DESKTOP-MO0FC5C" name="FirstMobile.DataProviderForMobile" tests="1" failures="0" timestamp="12 Feb 2019 10:15:47 GMT" time="0.000" errors="0">
  <testcase name="ProcurementLead" time="0.000" classname="FirstMobile.DataProviderForMobile">
    <skipped/>
  </testcase> <!-- ProcurementLead -->
</testsuite> <!-- FirstMobile.DataProviderForMobile -->
