<?xml version="1.0" encoding="UTF-8"?>
<!-- Generated by org.testng.reporters.JUnitReportReporter -->
<testsuite skipped="0" hostname="DESKTOP-MO0FC5C" name="FirstMobile.MarketTradeFilters4" tests="2" failures="0" timestamp="01 Mar 2019 11:12:56 GMT" time="65.704" errors="0">
  <testcase name="FilterCrieteria" time="35.937" classname="FirstMobile.MarketTradeFilters4"/>
  <testcase name="Common" time="29.767" classname="FirstMobile.MarketTradeFilters4"/>
</testsuite> <!-- FirstMobile.MarketTradeFilters4 -->
