<?xml version="1.0" encoding="UTF-8"?>
<!-- Generated by org.testng.reporters.JUnitReportReporter -->
<testsuite skipped="0" hostname="DESKTOP-MO0FC5C" name="FirstMobile.TotalStoreStocks" tests="3" failures="0" timestamp="26 Feb 2019 07:10:07 GMT" time="44.995" errors="0">
  <testcase name="StoreStocksVerification" time="6.290" classname="FirstMobile.TotalStoreStocks"/>
  <testcase name="Common" time="30.419" classname="FirstMobile.TotalStoreStocks"/>
  <testcase name="StoreStocksFilter" time="8.286" classname="FirstMobile.TotalStoreStocks"/>
</testsuite> <!-- FirstMobile.TotalStoreStocks -->
